<?xml version="1.0" encoding="UTF-8" ?>
<testsuite errors="0" failures="0" hostname="host2" name="org.netbeans.modules.compapp.catd.ConfiguredTest" tests="1" time="6.405" timestamp="2009-05-28T09:07:16">
  <properties>
[...]
</properties>
  <testcase classname="org.netbeans.modules.compapp.catd.ConfiguredTest" name="TestSendHistory" time="6.318" />
  <system-out><![CDATA[{java.runtime.name=Java(TM) SE Runtime Environment, sun.boot.library.path=/usr/java/jdk1.6.0_11/jre/lib/amd64, java.vm.version=11.0-b16, java.vm.vendor=Sun Microsystems Inc., java.vendor.url=http://java.sun.com/, path.separator=:, java.vm.name=Java HotSpot(TM) 64-Bit Server VM, file.encoding.pkg=sun.io, sun.java.launcher=SUN_STANDARD, user.country=RU, sun.os.patch.level=unknown, java.vm.specification.name=Java Virtual Machine Specification, user.dir=/home/mixa/work/FlexPay/flexpay/soa/caHistoryBroadcast, java.runtime.version=1.6.0_11-b03, java.awt.graphicsenv=sun.awt.X11GraphicsEnvironment, java.endorsed.dirs=/usr/java/jdk1.6.0_11/jre/lib/endorsed, os.arch=amd64, java.io.tmpdir=/tmp, line.separator=
, java.vm.specification.vendor=Sun Microsystems Inc., os.name=Linux, sun.jnu.encoding=UTF-8, java.library.path=/usr/java/jdk1.6.0_11/jre/lib/amd64/server:/usr/java/jdk1.6.0_11/jre/lib/amd64:/usr/java/jdk1.6.0_11/jre/../lib/amd64:/usr/java/packages/lib/amd64:/lib:/usr/lib, java.specification.name=Java Platform API Specification, java.class.version=50.0, sun.management.compiler=HotSpot 64-Bit Server Compiler, os.version=2.6.27.21-0.1-default, user.home=/home/mixa, user.timezone=Asia/Novosibirsk, java.awt.printerjob=sun.print.PSPrinterJob, file.encoding=UTF-8, java.specification.version=1.6, java.class.path=/tmp/GlassFishESB/netbeans/soa2/modules/org-netbeans-modules-compapp-manager-jbi.jar:/tmp/GlassFishESB/netbeans/soa2/modules/org-netbeans-modules-compapp-projects-jbi.jar:/tmp/GlassFishESB/netbeans/soa2/modules/ext/jbi/jbi-admin-common.jar:/tmp/GlassFishESB/netbeans/soa2/modules/ext/jbi/catd.jar:/tmp/GlassFishESB/netbeans/java2/modules/ext/junit-3.8.2.jar:/tmp/GlassFishESB/netbeans/java2/modules/ext/jaxws21/api/saaj-api.jar:/tmp/GlassFishESB/netbeans/java2/modules/ext/jaxws21/saaj-impl.jar:/tmp/GlassFishESB/netbeans/java2/modules/ext/jaxws21/FastInfoset.jar:/tmp/GlassFishESB/netbeans/ide9/modules/org-netbeans-modules-editor-lib.jar:/tmp/GlassFishESB/netbeans/ide9/modules/org-netbeans-modules-editor.jar:/tmp/GlassFishESB/netbeans/ide9/modules/org-netbeans-modules-editor-util.jar:/tmp/GlassFishESB/netbeans/ide9/modules/org-netbeans-modules-editor-lib2.jar:/tmp/GlassFishESB/netbeans/ide9/modules/org-netbeans-modules-editor-indent.jar:/tmp/GlassFishESB/netbeans/ide9/modules/org-netbeans-modules-editor-plain.jar:/tmp/GlassFishESB/netbeans/ide9/modules/org-netbeans-modules-editor-plain-lib.jar:/tmp/GlassFishESB/netbeans/ide9/modules/org-netbeans-modules-editor-settings.jar:/tmp/GlassFishESB/netbeans/ide9/modules/org-netbeans-modules-lexer.jar:/tmp/GlassFishESB/netbeans/ide9/modules/org-netbeans-modules-xml-core.jar:/tmp/GlassFishESB/netbeans/ide9/modules/org-netbeans-modules-xml-lexer.jar:/tmp/GlassFishESB/netbeans/ide9/modules/org-netbeans-modules-xml-text.jar:/tmp/GlassFishESB/netbeans/ide9/modules/org-netbeans-modules-xml-xdm.jar:/tmp/GlassFishESB/netbeans/ide9/modules/org-netbeans-modules-xml-xam.jar:/tmp/GlassFishESB/netbeans/platform8/lib/org-openide-modules.jar:/tmp/GlassFishESB/netbeans/platform8/lib/org-openide-util.jar:/tmp/GlassFishESB/netbeans/platform8/modules/org-openide-options.jar:/tmp/GlassFishESB/netbeans/platform8/modules/org-openide-text.jar:/tmp/GlassFishESB/netbeans/platform8/modules/org-openide-loaders.jar:/tmp/GlassFishESB/netbeans/platform8/modules/org-openide-nodes.jar:/tmp/GlassFishESB/netbeans/platform8/modules/org-netbeans-modules-editor-mimelookup.jar:/tmp/GlassFishESB/netbeans/platform8/modules/org-netbeans-modules-editor-mimelookup-impl.jar:/tmp/GlassFishESB/netbeans/platform8/core/org-openide-filesystems.jar:/tmp/GlassFishESB/netbeans/java2/ant/lib/ant-launcher.jar:/tmp/GlassFishESB/netbeans/java2/ant/lib/ant.jar:/tmp/GlassFishESB/netbeans/java2/ant/lib/ant-junit.jar, user.name=mixa, java.vm.specification.version=1.0, java.home=/usr/java/jdk1.6.0_11/jre, sun.arch.data.model=64, user.language=ru, java.specification.vendor=Sun Microsystems Inc., NetBeansUserDir=/tmp/GlassFishESB/.netbeans/glassfishesb, java.vm.info=mixed mode, java.version=1.6.0_11, java.ext.dirs=/usr/java/jdk1.6.0_11/jre/lib/ext:/usr/java/packages/lib/ext, sun.boot.class.path=/usr/java/jdk1.6.0_11/jre/lib/resources.jar:/usr/java/jdk1.6.0_11/jre/lib/rt.jar:/usr/java/jdk1.6.0_11/jre/lib/sunrsasign.jar:/usr/java/jdk1.6.0_11/jre/lib/jsse.jar:/usr/java/jdk1.6.0_11/jre/lib/jce.jar:/usr/java/jdk1.6.0_11/jre/lib/charsets.jar:/usr/java/jdk1.6.0_11/jre/classes, java.vendor=Sun Microsystems Inc., file.separator=/, java.vendor.url.bug=http://java.sun.com/cgi-bin/bugreport.cgi, sun.io.unicode.encoding=UnicodeLittle, sun.cpu.endian=little, sun.cpu.isalist=}
Test TestSendHistory\Concurrent.properties
Replace '${HttpDefaultPort}' in WSDL soap location by '9080' defined in sun-http-binding.
 Passed. Threads count Success: <1> Error: <0> Not completed: <0>
]]></system-out>
  <system-err><![CDATA[]]></system-err>
</testsuite>
